# JRE version: OpenJDK Runtime Environment (11.0.5+10) (build 11.0.5+10)
# Java VM: OpenJDK 64-Bit Server VM (11.0.5+10, mixed mode, tiered, compressed oops, g1 gc, windows-amd64)
Heap:
 garbage-first heap   total 218112K, used 12463K [0x0000000080000000, 0x0000000100000000)
  region size 1024K, 3 young (3072K), 3 survivors (3072K)
 Metaspace       used 25332K, capacity 25923K, committed 26160K, reserved 1073152K
  class space    used 2862K, capacity 3099K, committed 3200K, reserved 1048576K
GC Heap History (9 events):
Event: 1.121 GC heap before
{Heap before GC invocations=0 (full 0):
 garbage-first heap   total 131072K, used 6144K [0x0000000080000000, 0x0000000100000000)
  region size 1024K, 7 young (7168K), 0 survivors (0K)
 Metaspace       used 7055K, capacity 7178K, committed 7424K, reserved 1056768K
  class space    used 631K, capacity 667K, committed 768K, reserved 1048576K
}
Event: 1.131 GC heap after
{Heap after GC invocations=1 (full 0):
 garbage-first heap   total 131072K, used 3584K [0x0000000080000000, 0x0000000100000000)
  region size 1024K, 1 young (1024K), 1 survivors (1024K)
 Metaspace       used 7055K, capacity 7178K, committed 7424K, reserved 1056768K
  class space    used 631K, capacity 667K, committed 768K, reserved 1048576K
}
Event: 1.219 GC heap before
{Heap before GC invocations=1 (full 0):
 garbage-first heap   total 131072K, used 8704K [0x0000000080000000, 0x0000000100000000)
  region size 1024K, 6 young (6144K), 1 survivors (1024K)
 Metaspace       used 7074K, capacity 7178K, committed 7424K, reserved 1056768K
  class space    used 631K, capacity 667K, committed 768K, reserved 1048576K
}
Event: 1.235 GC heap after
{Heap after GC invocations=2 (full 0):
 garbage-first heap   total 131072K, used 6659K [0x0000000080000000, 0x0000000100000000)
  region size 1024K, 1 young (1024K), 1 survivors (1024K)
 Metaspace       used 7074K, capacity 7178K, committed 7424K, reserved 1056768K
  class space    used 631K, capacity 667K, committed 768K, reserved 1048576K
}
Event: 3.801 GC heap before
{Heap before GC invocations=2 (full 0):
 garbage-first heap   total 131072K, used 35331K [0x0000000080000000, 0x0000000100000000)
  region size 1024K, 29 young (29696K), 1 survivors (1024K)
 Metaspace       used 18155K, capacity 18473K, committed 18688K, reserved 1067008K
  class space    used 1898K, capacity 2029K, committed 2048K, reserved 1048576K
}
Event: 3.846 GC heap after
{Heap after GC invocations=3 (full 0):
 garbage-first heap   total 131072K, used 10634K [0x0000000080000000, 0x0000000100000000)
  region size 1024K, 4 young (4096K), 4 survivors (4096K)
 Metaspace       used 18155K, capacity 18473K, committed 18688K, reserved 1067008K
  class space    used 1898K, capacity 2029K, committed 2048K, reserved 1048576K
}
Event: 5.809 GC heap before
{Heap before GC invocations=3 (full 0):
 garbage-first heap   total 131072K, used 19850K [0x0000000080000000, 0x0000000100000000)
  region size 1024K, 14 young (14336K), 4 survivors (4096K)
 Metaspace       used 20895K, capacity 21285K, committed 21296K, reserved 1069056K
  class space    used 2261K, capacity 2421K, committed 2432K, reserved 1048576K
}
Event: 5.975 GC heap after
{Heap after GC invocations=4 (full 0):
 garbage-first heap   total 131072K, used 11341K [0x0000000080000000, 0x0000000100000000)
  region size 1024K, 1 young (1024K), 1 survivors (1024K)
 Metaspace       used 20895K, capacity 21285K, committed 21296K, reserved 1069056K
  class space    used 2261K, capacity 2421K, committed 2432K, reserved 1048576K
}
Event: 14.484 GC heap before
{Heap before GC invocations=5 (full 0):
 garbage-first heap   total 131072K, used 33869K [0x0000000080000000, 0x0000000100000000)
  region size 1024K, 23 young (23552K), 1 survivors (1024K)
 Metaspace       used 25332K, capacity 25923K, committed 26160K, reserved 1073152K
  class space    used 2862K, capacity 3099K, committed 3200K, reserved 1048576K
}

