<?xml version="1.0" encoding="UTF-8"?>
<!-- Generated by org.testng.reporters.JUnitXMLReporter -->
<testsuite ignored="0" hostname="sapjump302" failures="0" tests="2" name="BAT2" time="0.171" errors="0" timestamp="20 Jan 2020 09:56:24 GMT">
  <testcase classname="com.monster.baseClass.BaseClass" name="@AfterMethod tearDown" time="0.001">
    <failure type="java.lang.NullPointerException">
      <![CDATA[java.lang.NullPointerException
at com.monster.baseClass.BaseClass.tearDown(BaseClass.java:127)
at java.base/java.util.concurrent.FutureTask.run(FutureTask.java:264)
at java.base/java.util.concurrent.ThreadPoolExecutor.runWorker(ThreadPoolExecutor.java:1128)
at java.base/java.util.concurrent.ThreadPoolExecutor$Worker.run(ThreadPoolExecutor.java:628)
at java.base/java.lang.Thread.run(Thread.java:834)
... Removed 19 stack frames]]>
    </failure>
  </testcase> <!-- @AfterMethod tearDown -->
  <testcase classname="com.monster.baseClass.BaseClass" name="@AfterMethod tearDown" time="0.0">
    <failure type="java.lang.NullPointerException">
      <![CDATA[java.lang.NullPointerException
at com.monster.baseClass.BaseClass.tearDown(BaseClass.java:127)
at java.base/java.util.concurrent.FutureTask.run(FutureTask.java:264)
at java.base/java.util.concurrent.ThreadPoolExecutor.runWorker(ThreadPoolExecutor.java:1128)
at java.base/java.util.concurrent.ThreadPoolExecutor$Worker.run(ThreadPoolExecutor.java:628)
at java.base/java.lang.Thread.run(Thread.java:834)
... Removed 19 stack frames]]>
    </failure>
  </testcase> <!-- @AfterMethod tearDown -->
  <testcase classname="com.monster.sampleTest.SampleTest2" name="SampleTest2Method" time="0.096">
    <skipped/>
  </testcase> <!-- SampleTest2Method -->
  <testcase classname="com.monster.sampleTest.SampleTest2" name="SampleTest2Method" time="0.0">
    <skipped/>
  </testcase> <!-- SampleTest2Method -->
</testsuite> <!-- BAT2 -->
