<?xml version="1.0" encoding="UTF-8"?>
<!-- Generated by org.testng.reporters.JUnitXMLReporter -->
<testsuite ignored="0" hostname="sapjump302" failures="0" tests="3" name="BAT1" time="35.853" errors="0" timestamp="19 Jan 2020 10:41:18 GMT">
  <testcase classname="com.monster.baseClass.BaseClass" name="@AfterMethod tearDown" time="0.0">
    <failure type="java.lang.NullPointerException">
      <![CDATA[java.lang.NullPointerException
at com.monster.baseClass.BaseClass.tearDown(BaseClass.java:128)
at java.base/java.util.concurrent.FutureTask.run(FutureTask.java:264)
at java.base/java.util.concurrent.ThreadPoolExecutor.runWorker(ThreadPoolExecutor.java:1128)
at java.base/java.util.concurrent.ThreadPoolExecutor$Worker.run(ThreadPoolExecutor.java:628)
at java.base/java.lang.Thread.run(Thread.java:834)
... Removed 19 stack frames]]>
    </failure>
  </testcase> <!-- @AfterMethod tearDown -->
  <testcase classname="com.monster.baseClass.BaseClass" name="@AfterMethod tearDown" time="0.0">
    <failure type="java.lang.NullPointerException">
      <![CDATA[java.lang.NullPointerException
at com.monster.baseClass.BaseClass.tearDown(BaseClass.java:128)
at java.base/java.util.concurrent.FutureTask.run(FutureTask.java:264)
at java.base/java.util.concurrent.ThreadPoolExecutor.runWorker(ThreadPoolExecutor.java:1128)
at java.base/java.util.concurrent.ThreadPoolExecutor$Worker.run(ThreadPoolExecutor.java:628)
at java.base/java.lang.Thread.run(Thread.java:834)
... Removed 19 stack frames]]>
    </failure>
  </testcase> <!-- @AfterMethod tearDown -->
  <testcase classname="com.monster.sampleTest.SampleTest3" name="SampleTest3Method" time="14.953">
    <skipped/>
  </testcase> <!-- SampleTest3Method -->
  <testcase classname="com.monster.sampleTest.SampleTest3" name="SampleTest3Method" time="20.002">
    <skipped/>
  </testcase> <!-- SampleTest3Method -->
  <testcase classname="com.monster.sampleTest.SampleTest3" name="SampleTest3Method" time="0.0">
    <skipped/>
  </testcase> <!-- SampleTest3Method -->
</testsuite> <!-- BAT1 -->
