<?xml version="1.0" encoding="UTF-8"?>
<!-- Generated by org.testng.reporters.JUnitXMLReporter -->
<testsuite ignored="0" hostname="sapjump302" failures="0" tests="3" name="Test" time="18.082" errors="0" timestamp="19 Jan 2020 10:29:12 GMT">
  <testcase classname="com.monster.baseClass.BaseClass" name="@AfterMethod tearDown" time="0.001">
    <failure type="java.lang.NullPointerException">
      <![CDATA[java.lang.NullPointerException
at com.monster.baseClass.BaseClass.tearDown(BaseClass.java:128)
... Removed 28 stack frames]]>
    </failure>
  </testcase> <!-- @AfterMethod tearDown -->
  <testcase classname="com.monster.baseClass.BaseClass" name="@AfterMethod tearDown" time="0.0">
    <failure type="java.lang.NullPointerException">
      <![CDATA[java.lang.NullPointerException
at com.monster.baseClass.BaseClass.tearDown(BaseClass.java:128)
... Removed 28 stack frames]]>
    </failure>
  </testcase> <!-- @AfterMethod tearDown -->
  <testcase classname="com.monster.sampleTest.SampleTest3" name="SampleTest3Method" time="15.312">
    <skipped/>
  </testcase> <!-- SampleTest3Method -->
  <testcase classname="com.monster.sampleTest.SampleTest3" name="SampleTest3Method" time="1.876">
    <skipped/>
  </testcase> <!-- SampleTest3Method -->
  <testcase classname="com.monster.sampleTest.SampleTest3" name="SampleTest3Method" time="0.0">
    <skipped/>
  </testcase> <!-- SampleTest3Method -->
</testsuite> <!-- Test -->
