<?xml version="1.0" encoding="UTF-8"?>
<testsuite xmlns:xsi="http://www.w3.org/2001/XMLSchema-instance" xsi:schemaLocation="https://maven.apache.org/surefire/maven-surefire-plugin/xsd/surefire-test-report.xsd" name="TestSuite" time="2.72" tests="12" errors="0" skipped="6" failures="6">
  <properties>
[...]
</properties>
  <testcase name="SampleTest1Method" classname="com.monster.sampleTest.SampleTest1" time="0">
    <skipped/>
    <system-out><![CDATA[This is the start of Suite BAT
Start of Before Method
Start of Before Method
Going to retry test case: SampleTest1.SampleTest1Method(java.lang.String)[pri:0, instance:com.monster.sampleTest.SampleTest1@71d44a3], 1 out of 2
]]></system-out>
  </testcase>
  <testcase name="SampleTest1Method" classname="com.monster.sampleTest.SampleTest1" time="0">
    <skipped/>
    <system-out><![CDATA[Start of Before Method
]]></system-out>
  </testcase>
  <testcase name="SampleTest2Method" classname="com.monster.sampleTest.SampleTest2" time="0">
    <skipped/>
    <system-out><![CDATA[Start of After Method
Going to retry test case: SampleTest2.SampleTest2Method(java.lang.String)[pri:0, instance:com.monster.sampleTest.SampleTest2@3c41ed1d], 1 out of 2
]]></system-out>
  </testcase>
  <testcase name="SampleTest2Method" classname="com.monster.sampleTest.SampleTest2" time="0">
    <skipped/>
    <system-out><![CDATA[Start of Before Method
]]></system-out>
  </testcase>
  <testcase name="tearDown" classname="com.monster.sampleTest.SampleTest1" time="0.129">
    <failure type="java.lang.NullPointerException">java.lang.NullPointerException
</failure>
    <system-out><![CDATA[Start of After Method
]]></system-out>
  </testcase>
  <testcase name="tearDown" classname="com.monster.sampleTest.SampleTest1" time="0.13">
    <failure type="java.lang.NullPointerException">java.lang.NullPointerException
</failure>
    <system-out><![CDATA[Start of After Method
]]></system-out>
  </testcase>
  <testcase name="tearDown" classname="com.monster.sampleTest.SampleTest2" time="0.129">
    <failure type="java.lang.NullPointerException">java.lang.NullPointerException
</failure>
  </testcase>
  <testcase name="tearDown" classname="com.monster.sampleTest.SampleTest2" time="0.129">
    <failure type="java.lang.NullPointerException">java.lang.NullPointerException
</failure>
    <system-out><![CDATA[Start of After Method
]]></system-out>
  </testcase>
  <testcase name="SampleTest3Method" classname="com.monster.sampleTest.SampleTest3" time="0">
    <skipped/>
    <system-out><![CDATA[Start of Before Method
Going to retry test case: SampleTest3.SampleTest3Method(java.lang.String)[pri:0, instance:com.monster.sampleTest.SampleTest3@327514f], 1 out of 2
]]></system-out>
  </testcase>
  <testcase name="SampleTest3Method" classname="com.monster.sampleTest.SampleTest3" time="0">
    <skipped/>
    <system-out><![CDATA[Start of Before Method
]]></system-out>
  </testcase>
  <testcase name="tearDown" classname="com.monster.sampleTest.SampleTest3" time="0.012">
    <failure type="java.lang.NullPointerException">java.lang.NullPointerException
</failure>
    <system-out><![CDATA[Start of After Method
]]></system-out>
  </testcase>
  <testcase name="tearDown" classname="com.monster.sampleTest.SampleTest3" time="0.019">
    <failure type="java.lang.NullPointerException">java.lang.NullPointerException
</failure>
    <system-out><![CDATA[Start of After Method
]]></system-out>
  </testcase>
</testsuite>