<?xml version="1.0" encoding="UTF-8"?>
<!-- Generated by org.testng.reporters.JUnitXMLReporter -->
<testsuite hostname="DTSIPLS120_MonsterProject" ignored="0" name="BAT3" tests="1" failures="0" timestamp="01 Oct 2020 15:06:38 GMT" time="63.489" errors="0">
  <testcase name="@AfterMethod tearDown" time="0.0" classname="com.demo.baseClass.BaseClass">
    <failure type="java.lang.NullPointerException">
      <![CDATA[java.lang.NullPointerException
at com.demo.baseClass.BaseClass.tearDown(BaseClass.java:128)
at java.util.concurrent.FutureTask.run(Unknown Source)
at java.util.concurrent.ThreadPoolExecutor.runWorker(Unknown Source)
at java.util.concurrent.ThreadPoolExecutor$Worker.run(Unknown Source)
at java.lang.Thread.run(Unknown Source)
... Removed 19 stack frames]]>
    </failure>
  </testcase> <!-- @AfterMethod tearDown -->
  <testcase name="SampleTest2Method" time="61.359" classname="com.demo.sampleTest.SampleTest2"/>
</testsuite> <!-- BAT3 -->
